Arguments: 
  /home/beob/.nvm/versions/node/v15.3.0/bin/node /home/beob/.nvm/versions/node/v15.3.0/bin/yarn

PATH: 
  /home/beob/anaconda3/bin:/home/beob/anaconda3/bin:/home/beob/anaconda3/condabin:/home/beob/.nvm/versions/node/v15.3.0/bin:/usr/local/sbin:/usr/local/bin:/usr/sbin:/usr/bin:/sbin:/bin:/usr/games:/usr/local/games:/mnt/c/WINDOWS/system32:/mnt/c/WINDOWS:/mnt/c/WINDOWS/System32/Wbem:/mnt/c/WINDOWS/System32/WindowsPowerShell/v1.0:/mnt/c/WINDOWS/System32/OpenSSH:/mnt/c/Users/qjqdn/AppData/Local/Programs/Python/Python39/Scripts:/mnt/c/Users/qjqdn/AppData/Local/Programs/Python/Python39:/mnt/c/Users/qjqdn/AppData/Local/Microsoft/WindowsApps:/mnt/c/Users/qjqdn/AppData/Local/Programs/Microsoft VS Code/bin:/opt/yarn-[version]/bin

Yarn version: 
  1.22.10

Node version: 
  15.3.0

Platform: 
  linux x64

Trace: 
  SyntaxError: /home/beob/PNUExtension/package.json: Unexpected token / in JSON at position 592
      at JSON.parse (<anonymous>)
      at /home/beob/.nvm/versions/node/v15.3.0/lib/node_modules/yarn/lib/cli.js:1625:59
      at Generator.next (<anonymous>)
      at step (/home/beob/.nvm/versions/node/v15.3.0/lib/node_modules/yarn/lib/cli.js:310:30)
      at /home/beob/.nvm/versions/node/v15.3.0/lib/node_modules/yarn/lib/cli.js:321:13

npm manifest: 
  {
    "name": "pnu_extension",
    "version": "1.0.0",
    "main": "index.js",
    "repository": "https://github.com/PNU-DSC-5/PNUExtension.git",
    "author": "kimbeobwoo",
    "license": "MIT",
    "scripts": {
      "build": "lerna run build",
      "lint:commit:fix": "yarn workspaces run lint:commit:fix",
      "lint:fix": "yarn workspaces run lint:fix",
      "lint": "yarn workspaces run lint"
    },
    "lint-staged": {
      "**/*.+(js|jsx|ts|tsx)": [
        "yarn lint:commit:fix",
        "git add"
      ]
    },
    "dependencies": {
      "react-countdown-circle-timer": "^2.3.7",
      "typescript": "^4.1.2"
    },
    // "workspaces": {
    //   "packages": [
    //     "client",
    //     "server"
    //   ]
    // },
    "devDependencies": {
      "@typescript-eslint/eslint-plugin": "4.0.1",
      "@typescript-eslint/parser": "4.0.1",
      "eslint": "^6.6.0",
      "eslint-config-airbnb": "^18.2.0",
      "eslint-config-airbnb-base": "^14.2.0",
      "eslint-config-prettier": "^6.11.0",
      "eslint-plugin-import": "^2.22.0",
      "eslint-plugin-jest": "^23.20.0",
      "eslint-plugin-jsx-a11y": "^6.3.1",
      "eslint-plugin-prettier": "^3.1.4",
      "eslint-plugin-react": "^7.20.6",
      "eslint-plugin-react-hooks": "^4.1.0",
      "husky": "^4.3.0",
      "lerna": "^2.11.0",
      "lint-staged": "^10.4.0",
      "prettier": "^2.0.5"
    },
    "description": "부산대학교 정보 컴퓨터 공학부 학생을 위한  react + express 크롬 익스텐션 어플리케이션"
  }

yarn manifest: 
  No manifest

Lockfile: 
  # THIS IS AN AUTOGENERATED FILE. DO NOT EDIT THIS FILE DIRECTLY.
  # yarn lockfile v1
  
  
  react-countdown-circle-timer@^2.3.7:
    version "2.3.7"
    resolved "https://registry.yarnpkg.com/react-countdown-circle-timer/-/react-countdown-circle-timer-2.3.7.tgz#21a038ca5f5d604043b100275d9ccaa20c3a8f31"
    integrity sha512-OcO/Iaze3cA/MwqQwovGg4E9x+FXmriFNTYOC1Au2t68MMyv2tEZtU24V4jlFBS2M28EE8X+jcsxfJu0FReQHg==
    dependencies:
      use-elapsed-time "^2.1.5"
  
  typescript@^4.1.2:
    version "4.1.2"
    resolved "https://registry.yarnpkg.com/typescript/-/typescript-4.1.2.tgz#6369ef22516fe5e10304aae5a5c4862db55380e9"
    integrity sha512-thGloWsGH3SOxv1SoY7QojKi0tc+8FnOmiarEGMbd/lar7QOEd3hvlx3Fp5y6FlDUGl9L+pd4n2e+oToGMmhRQ==
  
  use-elapsed-time@^2.1.5:
    version "2.1.5"
    resolved "https://registry.yarnpkg.com/use-elapsed-time/-/use-elapsed-time-2.1.5.tgz#db1e83c9ce5a12c2fb17d80c9b87621ceac50c3f"
    integrity sha512-+JMPN3gmT5vPUKlkIB8JK9zQ2y68cnyJb3EH3CJOmO85XEe5wJHdXqF3vv7PwLH6yiS1giHSu8hatYk/LPw2wA==
